#
# A fatal error has been detected by the Java Runtime Environment:
#
#  EXCEPTION_ACCESS_VIOLATION (0xc0000005) at pc=0x6e5220fb, pid=5316, tid=3680
#
# JRE version: 7.0_21-b11
# Java VM: Java HotSpot(TM) Client VM (23.21-b01 mixed mode windows-x86 )
# Problematic frame:
# V  [jvm.dll+0xc20fb]
#
# Failed to write core dump. Minidumps are not enabled by default on client versions of Windows
#
# If you would like to submit a bug report, please visit:
#   http://bugreport.sun.com/bugreport/crash.jsp
#

---------------  T H R E A D  ---------------

Current thread (0x17b8bc00):  JavaThread "JDWP Transport Listener: dt_socket" daemon [_thread_in_vm, id=3680, stack(0x18770000,0x187c0000)]

siginfo: ExceptionCode=0xc0000005, reading address 0xffffffff

Registers:
EAX=0xffffffff, EBX=0x00000000, ECX=0xffffffff, EDX=0x00000000
ESP=0x187bfadc, EBP=0x187bfae0, ESI=0x17b8bc00, EDI=0x017a1d28
EIP=0x6e5220fb, EFLAGS=0x00010286

Top of Stack: (sp=0x187bfadc)
0x187bfadc:   17b8bc00 187bfb0c 6e646daa ffffffff
0x187bfaec:   187bfbc4 187bfb47 17b8bc00 00000000
0x187bfafc:   00000000 00000000 17b8bc00 17b8bc00
0x187bfb0c:   187bfb48 6cbf9d5c 017a1d28 ffffffff
0x187bfb1c:   187bfb47 ffffffff 6cbe436d ffffffff
0x187bfb2c:   187bfb47 00000003 00000000 00000000
0x187bfb3c:   0000000a 00000000 00b0a4ac 187bfb68
0x187bfb4c:   6cbe44e0 00000001 187bfb84 187bfbc0 

Instructions: (pc=0x6e5220fb)
0x6e5220db:   0c 5f 5e 5d c2 0c 00 cc cc cc cc cc cc cc cc cc
0x6e5220eb:   cc cc cc cc cc 55 8b ec 8b 45 08 56 85 c0 74 28
0x6e5220fb:   8b 30 85 f6 74 22 81 fe fe fe fe fe 74 1a 8b 4e
0x6e52210b:   04 8b 41 08 8b 90 90 00 00 00 83 c1 08 ff d2 84 


Register to memory mapping:

EAX=0xffffffff is an unknown value
EBX=0x00000000 is an unknown value
ECX=0xffffffff is an unknown value
EDX=0x00000000 is an unknown value
ESP=0x187bfadc is pointing into the stack for thread: 0x17b8bc00
EBP=0x187bfae0 is pointing into the stack for thread: 0x17b8bc00
ESI=0x17b8bc00 is a thread
EDI=0x017a1d28 is an unknown value


Stack: [0x18770000,0x187c0000],  sp=0x187bfadc,  free space=318k
Native frames: (J=compiled Java code, j=interpreted, Vv=VM code, C=native code)
V  [jvm.dll+0xc20fb]
V  [jvm.dll+0x1e6daa]
C  [jdwp.dll+0x19d5c]  Agent_OnLoad+0xe9ef
C  [jdwp.dll+0x44e0]
C  [jdwp.dll+0x451e]


---------------  P R O C E S S  ---------------

Java Threads: ( => current thread )
  0x17ba2800 JavaThread "Service Thread" daemon [_thread_blocked, id=6852, stack(0x18100000,0x18150000)]
  0x17ba2000 JavaThread "C1 CompilerThread0" daemon [_thread_blocked, id=3612, stack(0x18870000,0x188c0000)]
  0x17b9c000 JavaThread "JDWP Command Reader" daemon [_thread_in_native, id=7976, stack(0x18200000,0x18250000)]
  0x17b99800 JavaThread "JDWP Event Helper Thread" daemon [_thread_blocked, id=7044, stack(0x17d00000,0x17d50000)]
=>0x17b8bc00 JavaThread "JDWP Transport Listener: dt_socket" daemon [_thread_in_vm, id=3680, stack(0x18770000,0x187c0000)]
  0x17b7ec00 JavaThread "Attach Listener" daemon [_thread_blocked, id=6752, stack(0x179a0000,0x179f0000)]
  0x17b7dc00 JavaThread "Signal Dispatcher" daemon [_thread_blocked, id=4636, stack(0x17d60000,0x17db0000)]
  0x17b03800 JavaThread "Finalizer" daemon [_thread_blocked, id=7696, stack(0x17930000,0x17980000)]
  0x0188c800 JavaThread "Reference Handler" daemon [_thread_blocked, id=3504, stack(0x17ab0000,0x17b00000)]
  0x003bb400 JavaThread "main" [_thread_blocked, id=6868, stack(0x01740000,0x01790000)]

Other Threads:
  0x01888c00 VMThread [stack: 0x17a00000,0x17a50000] [id=7732]
  0x17bab400 WatcherThread [stack: 0x18020000,0x18070000] [id=3092]

VM state:not at safepoint (normal execution)

VM Mutex/Monitor currently owned by a thread: None

Heap
 def new generation   total 4928K, used 708K [0x03890000, 0x03de0000, 0x08de0000)
  eden space 4416K,  16% used [0x03890000, 0x03941048, 0x03ce0000)
  from space 512K,   0% used [0x03ce0000, 0x03ce0000, 0x03d60000)
  to   space 512K,   0% used [0x03d60000, 0x03d60000, 0x03de0000)
 tenured generation   total 10944K, used 0K [0x08de0000, 0x09890000, 0x13890000)
   the space 10944K,   0% used [0x08de0000, 0x08de0000, 0x08de0200, 0x09890000)
 compacting perm gen  total 12288K, used 1615K [0x13890000, 0x14490000, 0x17890000)
   the space 12288K,  13% used [0x13890000, 0x13a23f98, 0x13a24000, 0x14490000)
No shared spaces configured.

Card table byte_map: [0x014a0000,0x01550000] byte_map_base: 0x01483b80

Polling page: 0x00140000

Code Cache  [0x01890000, 0x01928000, 0x03890000)
 total_blobs=126 nmethods=5 adapters=65 free_code_cache=32189Kb largest_free_block=32962304

Compilation events (10 events):
Event: 3.681 Thread 0x17ba2000    1             java.lang.String::hashCode (55 bytes)
Event: 3.682 Thread 0x17ba2000 nmethod 1 0x0191fac8 code [0x0191fbc0, 0x0191fca0]
Event: 3.732 Thread 0x17ba2000    2             java.lang.String::charAt (29 bytes)
Event: 3.732 Thread 0x17ba2000 nmethod 2 0x0191fdc8 code [0x0191fee0, 0x0192001c]
Event: 3.733 Thread 0x17ba2000    3             java.lang.String::indexOf (70 bytes)
Event: 3.734 Thread 0x17ba2000 nmethod 3 0x01920148 code [0x01920260, 0x019203ac]
Event: 3.734 Thread 0x17ba2000    4             java.lang.Object::<init> (1 bytes)
Event: 3.734 Thread 0x17ba2000 nmethod 4 0x01920508 code [0x01920600, 0x01920690]
Event: 3.734 Thread 0x17ba2000    5             java.lang.String::length (6 bytes)
Event: 3.734 Thread 0x17ba2000 nmethod 5 0x01920708 code [0x01920800, 0x01920890]

GC Heap History (0 events):
No events

Deoptimization events (0 events):
No events

Internal exceptions (2 events):
Event: 1.640 Thread 0x003bb400 Threw 0x03896060 at C:\jdk7u2_32P\jdk7u21\hotspot\src\share\vm\prims\jni.cpp:3994
Event: 3.734 Thread 0x003bb400 Threw 0x03923868 at C:\jdk7u2_32P\jdk7u21\hotspot\src\share\vm\prims\jvm.cpp:1166

Events (10 events):
Event: 337.754 Executing VM operation: GetCurrentLocation
Event: 337.754 Executing VM operation: GetCurrentLocation done
Event: 337.754 Executing VM operation: EnterInterpOnlyMode
Event: 337.754 Executing VM operation: EnterInterpOnlyMode done
Event: 337.754 Executing VM operation: ChangeSingleStep
Event: 337.754 Executing VM operation: ChangeSingleStep done
Event: 337.755 Executing VM operation: ChangeSingleStep
Event: 337.755 Executing VM operation: ChangeSingleStep done
Event: 337.793 Executing VM operation: RedefineClasses
Event: 337.794 Executing VM operation: RedefineClasses done


Dynamic libraries:
0x000d0000 - 0x000ff000 	C:\Program Files\Java\jre7\bin\javaw.exe
0x76f00000 - 0x77041000 	C:\Windows\SYSTEM32\ntdll.dll
0x75250000 - 0x75324000 	C:\Windows\system32\kernel32.dll
0x750e0000 - 0x7512b000 	C:\Windows\system32\KERNELBASE.dll
0x76bb0000 - 0x76c51000 	C:\Windows\system32\ADVAPI32.dll
0x75330000 - 0x753dc000 	C:\Windows\system32\msvcrt.dll
0x75590000 - 0x755a9000 	C:\Windows\SYSTEM32\sechost.dll
0x76770000 - 0x76812000 	C:\Windows\system32\RPCRT4.dll
0x766a0000 - 0x76769000 	C:\Windows\system32\USER32.dll
0x76b60000 - 0x76bae000 	C:\Windows\system32\GDI32.dll
0x77060000 - 0x7706a000 	C:\Windows\system32\LPK.dll
0x770b0000 - 0x7714d000 	C:\Windows\system32\USP10.dll
0x73b20000 - 0x73cbe000 	C:\Windows\WinSxS\x86_microsoft.windows.common-controls_6595b64144ccf1df_6.0.7601.18837_none_41e855142bd5705d\COMCTL32.dll
0x753e0000 - 0x75437000 	C:\Windows\system32\SHLWAPI.dll
0x77090000 - 0x770af000 	C:\Windows\system32\IMM32.DLL
0x75440000 - 0x7550c000 	C:\Windows\system32\MSCTF.dll
0x78200000 - 0x782be000 	C:\Program Files\Java\jre7\bin\msvcr100.dll
0x6e460000 - 0x6e7af000 	C:\Program Files\Java\jre7\bin\client\jvm.dll
0x733f0000 - 0x733f7000 	C:\Windows\system32\WSOCK32.dll
0x75210000 - 0x75245000 	C:\Windows\system32\WS2_32.dll
0x77050000 - 0x77056000 	C:\Windows\system32\NSI.dll
0x73030000 - 0x73062000 	C:\Windows\system32\WINMM.dll
0x77070000 - 0x77075000 	C:\Windows\system32\PSAPI.DLL
0x59550000 - 0x5955c000 	C:\Program Files\Java\jre7\bin\verify.dll
0x59530000 - 0x59550000 	C:\Program Files\Java\jre7\bin\java.dll
0x6cbe0000 - 0x6cc0a000 	C:\Program Files\Java\jre7\bin\jdwp.dll
0x63480000 - 0x63487000 	C:\Program Files\Java\jre7\bin\npt.dll
0x59510000 - 0x59523000 	C:\Program Files\Java\jre7\bin\zip.dll
0x57c10000 - 0x57c18000 	C:\Program Files\Java\jre7\bin\dt_socket.dll
0x17db0000 - 0x17f15000 	C:\Program Files\Sangfor\SSL\ClientComponent\SangforNsp.dll
0x74310000 - 0x7442c000 	C:\Windows\system32\MFC42.DLL
0x76540000 - 0x7669c000 	C:\Windows\system32\ole32.dll
0x76900000 - 0x7698f000 	C:\Windows\system32\OLEAUT32.dll
0x74280000 - 0x7430c000 	C:\Windows\system32\ODBC32.dll
0x757a0000 - 0x763eb000 	C:\Windows\system32\SHELL32.dll
0x763f0000 - 0x7653a000 	C:\Windows\system32\urlmon.dll
0x75030000 - 0x75034000 	C:\Windows\system32\api-ms-win-downlevel-ole32-l1-1-0.dll
0x75060000 - 0x75064000 	C:\Windows\system32\api-ms-win-downlevel-shlwapi-l1-1-0.dll
0x75130000 - 0x75135000 	C:\Windows\system32\api-ms-win-downlevel-advapi32-l1-1-0.dll
0x750d0000 - 0x750d4000 	C:\Windows\system32\api-ms-win-downlevel-user32-l1-1-0.dll
0x75140000 - 0x75144000 	C:\Windows\system32\api-ms-win-downlevel-version-l1-1-0.dll
0x74270000 - 0x74279000 	C:\Windows\system32\version.DLL
0x750a0000 - 0x750a3000 	C:\Windows\system32\api-ms-win-downlevel-normaliz-l1-1-0.dll
0x77080000 - 0x77083000 	C:\Windows\system32\normaliz.DLL
0x76cc0000 - 0x76ef2000 	C:\Windows\system32\iertutil.dll
0x755b0000 - 0x75794000 	C:\Windows\system32\WININET.dll
0x75040000 - 0x75057000 	C:\Windows\system32\USERENV.dll
0x74ee0000 - 0x74eeb000 	C:\Windows\system32\profapi.dll
0x74200000 - 0x74266000 	C:\Windows\system32\MSVCP60.dll
0x741e0000 - 0x741fc000 	C:\Windows\system32\iphlpapi.dll
0x741d0000 - 0x741d7000 	C:\Windows\system32\WINNSI.DLL
0x74190000 - 0x741c8000 	C:\Windows\system32\odbcint.dll
0x76820000 - 0x768a3000 	C:\Windows\system32\CLBCatQ.DLL
0x72f10000 - 0x72f20000 	C:\Windows\system32\NLAapi.dll
0x011b0000 - 0x011c0000 	C:\Windows\system32\napinsp.dll
0x6de10000 - 0x6de22000 	C:\Windows\system32\pnrpnsp.dll
0x748b0000 - 0x748ec000 	C:\Windows\System32\mswsock.dll
0x74770000 - 0x747b4000 	C:\Windows\system32\DNSAPI.dll
0x6de00000 - 0x6de08000 	C:\Windows\System32\winrnr.dll
0x72290000 - 0x722c8000 	C:\Windows\System32\fwpuclnt.dll
0x6dca0000 - 0x6dca6000 	C:\Windows\system32\rasadhlp.dll
0x18320000 - 0x1861b000 	C:\Program Files\Sangfor\SSL\ClientComponent\SangforTcp.dll
0x75070000 - 0x7509f000 	C:\Windows\system32\WINTRUST.dll
0x74f00000 - 0x75021000 	C:\Windows\system32\CRYPT32.dll
0x74ef0000 - 0x74efc000 	C:\Windows\system32\MSASN1.dll
0x74170000 - 0x74175000 	C:\Windows\System32\wshtcpip.dll
0x6e0a0000 - 0x6e18b000 	C:\Windows\system32\dbghelp.dll

VM Arguments:
jvm_args: -agentlib:jdwp=transport=dt_socket,suspend=y,address=localhost:52866 -Dfile.encoding=GBK 
java_command: com.offer.question33.PrintMinNumbers
Launcher Type: SUN_STANDARD

Environment Variables:
JAVA_HOME=C:\Program Files\Java\jdk1.7.0_21
PATH=C:/Program Files/Java/jre7/bin/client;C:/Program Files/Java/jre7/bin;C:/Program Files/Java/jre7/lib/i386;C:\Windows\system32;C:\Windows;C:\Windows\System32\Wbem;C:\Windows\System32\WindowsPowerShell\v1.0\;C:\Program Files\Java\jdk1.7.0_21\bin;C:\Program Files\Java\jdk1.7.0_21\jre\bin;E:\adt-bundle-windows-x86-20130522\sdk\platform-tools;C:\Program Files\Microsoft SQL Server\100\Tools\Binn\;C:\Program Files\Microsoft SQL Server\100\DTS\Binn\;C:\Program Files\MySQL\MySQL Fabric 1.5.3 & MySQL Utilities 1.5.3 1.5\;C:\Program Files\MySQL\MySQL Fabric 1.5.3 & MySQL Utilities 1.5.3 1.5\Doctrine extensions for PHP\;E:\adt-bundle-windows-x86-20130522\eclipse;
USERNAME=MeiQin
OS=Windows_NT
PROCESSOR_IDENTIFIER=x86 Family 6 Model 23 Stepping 10, GenuineIntel



---------------  S Y S T E M  ---------------

OS: Windows 7 Build 7601 Service Pack 1

CPU:total 2 (2 cores per cpu, 1 threads per core) family 6 model 23 stepping 10, cmov, cx8, fxsr, mmx, sse, sse2, sse3, ssse3, tsc

Memory: 4k page, physical 3110136k(288588k free), swap 6218544k(1671536k free)

vm_info: Java HotSpot(TM) Client VM (23.21-b01) for windows-x86 JRE (1.7.0_21-b11), built on Apr  4 2013 04:43:10 by "java_re" with unknown MS VC++:1600

time: Wed Jul 15 11:49:50 2015
elapsed time: 338 seconds

